2013-10-20 22:16:58,897 INFO Starting Sentiment Analysis Process. Params: Namespace(acc=False, adj=False, allprepro=False, bi=False, dc=False, docbi=False, f=5, fn=None, lc=False, lemma=False, megam=False, nb=True, neg=False, od=False, pp=0.5, punct=False, s=50, sklearn=None, stem=False, svmlight=False, sw=False, turney=False, u=True, weka=None, wf=False, wl=None)
2013-10-20 22:17:01,081 INFO Positive dataset loaded, size: 34808
2013-10-20 22:17:03,616 INFO Negative dataset loaded, size: 16912
2013-10-20 22:17:03,616 INFO Preprocessing corpus
2013-10-20 22:17:03,630 INFO Fold 1/5, pos: 0..5, neg: 0..5
2013-10-20 22:17:03,636 INFO bag of words size: 23
2013-10-20 22:17:03,636 INFO Feature extractor: composite extractor: word presence
2013-10-20 22:17:03,636 INFO Creating training dataset, documents size 40
2013-10-20 22:17:03,636 INFO Training classifier
2013-10-20 22:17:03,641 INFO Classifying
2013-10-20 22:17:03,643 INFO TestSet Size: 10 - Accuracy: 0.7
2013-10-20 22:17:03,643 INFO Fold 2/5, pos: 5..10, neg: 5..10
2013-10-20 22:17:03,648 INFO bag of words size: 27
2013-10-20 22:17:03,648 INFO Feature extractor: composite extractor: word presence
2013-10-20 22:17:03,648 INFO Creating training dataset, documents size 40
2013-10-20 22:17:03,648 INFO Training classifier
2013-10-20 22:17:03,653 INFO Classifying
2013-10-20 22:17:03,656 INFO TestSet Size: 10 - Accuracy: 0.8
2013-10-20 22:17:03,656 INFO Fold 3/5, pos: 10..15, neg: 10..15
2013-10-20 22:17:03,661 INFO bag of words size: 29
2013-10-20 22:17:03,661 INFO Feature extractor: composite extractor: word presence
2013-10-20 22:17:03,661 INFO Creating training dataset, documents size 40
2013-10-20 22:17:03,661 INFO Training classifier
2013-10-20 22:17:03,667 INFO Classifying
2013-10-20 22:17:03,669 INFO TestSet Size: 10 - Accuracy: 0.7
2013-10-20 22:17:03,669 INFO Fold 4/5, pos: 15..20, neg: 15..20
2013-10-20 22:17:03,675 INFO bag of words size: 30
2013-10-20 22:17:03,675 INFO Feature extractor: composite extractor: word presence
2013-10-20 22:17:03,675 INFO Creating training dataset, documents size 40
2013-10-20 22:17:03,675 INFO Training classifier
2013-10-20 22:17:03,682 INFO Classifying
2013-10-20 22:17:03,684 INFO TestSet Size: 10 - Accuracy: 0.5
2013-10-20 22:17:03,684 INFO Fold 5/5, pos: 20..25, neg: 20..25
2013-10-20 22:17:03,689 INFO bag of words size: 29
2013-10-20 22:17:03,689 INFO Feature extractor: composite extractor: word presence
2013-10-20 22:17:03,689 INFO Creating training dataset, documents size 40
2013-10-20 22:17:03,689 INFO Training classifier
2013-10-20 22:17:03,696 INFO Classifying
2013-10-20 22:17:03,698 INFO TestSet Size: 10 - Accuracy: 0.8
2013-10-20 22:17:03,698 INFO Total TestSet Size: 50 - Avg Accuracy: 0.7
